This file contains any messages produced by compilers while
running configure, to aid debugging if configure makes a mistake.

It was created by configure, which was
generated by GNU Autoconf 2.65.  Invocation command line was

  $ ./configure --no-create --no-recursion

## --------- ##
## Platform. ##
## --------- ##

hostname = enterprise
uname -m = x86_64
uname -r = 2.6.32-24-preempt
uname -s = Linux
uname -v = #42-Ubuntu SMP PREEMPT Fri Aug 20 16:53:41 UTC 2010

/usr/bin/uname -p = unknown
/bin/uname -X     = unknown

/bin/arch              = unknown
/usr/bin/arch -k       = unknown
/usr/convex/getsysinfo = unknown
/usr/bin/hostinfo      = unknown
/bin/machine           = unknown
/usr/bin/oslevel       = unknown
/bin/universe          = unknown

PATH: ..
PATH: /home/alw/bin
PATH: /usr/local/sbin
PATH: /usr/local/bin
PATH: /usr/sbin
PATH: /usr/bin
PATH: /sbin
PATH: /bin
PATH: /usr/games
PATH: /usr/local/gnuarm-4.0.2/bin


## ----------- ##
## Core tests. ##
## ----------- ##

configure:2186: checking for a BSD-compatible install
configure:2254: result: /usr/bin/install -c
configure:2265: checking whether build environment is sane
configure:2315: result: yes
configure:2456: checking for a thread-safe mkdir -p
configure:2495: result: /bin/mkdir -p
configure:2508: checking for gawk
configure:2524: found /usr/bin/gawk
configure:2535: result: gawk
configure:2546: checking whether make sets $(MAKE)
configure:2568: result: yes
configure:2698: checking for gcc
configure:2714: found /usr/bin/gcc
configure:2725: result: gcc
configure:2954: checking for C compiler version
configure:2963: gcc --version >&5
gcc (Ubuntu 4.4.3-4ubuntu5) 4.4.3
Copyright (C) 2009 Free Software Foundation, Inc.
This is free software; see the source for copying conditions.  There is NO
warranty; not even for MERCHANTABILITY or FITNESS FOR A PARTICULAR PURPOSE.

configure:2974: $? = 0
configure:2963: gcc -v >&5
Using built-in specs.
Target: x86_64-linux-gnu
Configured with: ../src/configure -v --with-pkgversion='Ubuntu 4.4.3-4ubuntu5' --with-bugurl=file:///usr/share/doc/gcc-4.4/README.Bugs --enable-languages=c,c++,fortran,objc,obj-c++ --prefix=/usr --enable-shared --enable-multiarch --enable-linker-build-id --with-system-zlib --libexecdir=/usr/lib --without-included-gettext --enable-threads=posix --with-gxx-include-dir=/usr/include/c++/4.4 --program-suffix=-4.4 --enable-nls --enable-clocale=gnu --enable-libstdcxx-debug --enable-plugin --enable-objc-gc --disable-werror --with-arch-32=i486 --with-tune=generic --enable-checking=release --build=x86_64-linux-gnu --host=x86_64-linux-gnu --target=x86_64-linux-gnu
Thread model: posix
gcc version 4.4.3 (Ubuntu 4.4.3-4ubuntu5) 
configure:2974: $? = 0
configure:2963: gcc -V >&5
gcc: '-V' option must have argument
configure:2974: $? = 1
configure:2963: gcc -qversion >&5
gcc: unrecognized option '-qversion'
gcc: no input files
configure:2974: $? = 1
configure:2994: checking whether the C compiler works
configure:3016: gcc    conftest.c  >&5
configure:3020: $? = 0
configure:3069: result: yes
configure:3072: checking for C compiler default output file name
configure:3074: result: a.out
configure:3080: checking for suffix of executables
configure:3087: gcc -o conftest    conftest.c  >&5
configure:3091: $? = 0
configure:3113: result: 
configure:3135: checking whether we are cross compiling
configure:3143: gcc -o conftest    conftest.c  >&5
configure:3147: $? = 0
configure:3154: ./conftest
configure:3158: $? = 0
configure:3173: result: no
configure:3178: checking for suffix of object files
configure:3200: gcc -c   conftest.c >&5
configure:3204: $? = 0
configure:3225: result: o
configure:3229: checking whether we are using the GNU C compiler
configure:3248: gcc -c   conftest.c >&5
configure:3248: $? = 0
configure:3257: result: yes
configure:3266: checking whether gcc accepts -g
configure:3286: gcc -c -g  conftest.c >&5
configure:3286: $? = 0
configure:3327: result: yes
configure:3344: checking for gcc option to accept ISO C89
configure:3408: gcc  -c -g -O2  conftest.c >&5
configure:3408: $? = 0
configure:3421: result: none needed
configure:3452: checking for style of include used by make
configure:3480: result: GNU
configure:3505: checking dependency style of gcc
configure:3615: result: gcc3
configure:3636: checking how to run the C preprocessor
configure:3667: gcc -E  conftest.c
configure:3667: $? = 0
configure:3681: gcc -E  conftest.c
conftest.c:11:28: error: ac_nonexistent.h: No such file or directory
configure:3681: $? = 1
configure: failed program was:
| /* confdefs.h */
| #define PACKAGE_NAME ""
| #define PACKAGE_TARNAME ""
| #define PACKAGE_VERSION ""
| #define PACKAGE_STRING ""
| #define PACKAGE_BUGREPORT ""
| #define PACKAGE_URL ""
| #define PACKAGE "scbind"
| #define VERSION "1.1"
| /* end confdefs.h.  */
| #include <ac_nonexistent.h>
configure:3706: result: gcc -E
configure:3726: gcc -E  conftest.c
configure:3726: $? = 0
configure:3740: gcc -E  conftest.c
conftest.c:11:28: error: ac_nonexistent.h: No such file or directory
configure:3740: $? = 1
configure: failed program was:
| /* confdefs.h */
| #define PACKAGE_NAME ""
| #define PACKAGE_TARNAME ""
| #define PACKAGE_VERSION ""
| #define PACKAGE_STRING ""
| #define PACKAGE_BUGREPORT ""
| #define PACKAGE_URL ""
| #define PACKAGE "scbind"
| #define VERSION "1.1"
| /* end confdefs.h.  */
| #include <ac_nonexistent.h>
configure:3769: checking for grep that handles long lines and -e
configure:3827: result: /bin/grep
configure:3832: checking for egrep
configure:3894: result: /bin/grep -E
configure:3899: checking for ANSI C header files
configure:3919: gcc -c -g -O2  conftest.c >&5
configure:3919: $? = 0
configure:3992: gcc -o conftest -g -O2   conftest.c  >&5
configure:3992: $? = 0
configure:3992: ./conftest
configure:3992: $? = 0
configure:4003: result: yes
configure:4016: checking for sys/types.h
configure:4016: gcc -c -g -O2  conftest.c >&5
configure:4016: $? = 0
configure:4016: result: yes
configure:4016: checking for sys/stat.h
configure:4016: gcc -c -g -O2  conftest.c >&5
configure:4016: $? = 0
configure:4016: result: yes
configure:4016: checking for stdlib.h
configure:4016: gcc -c -g -O2  conftest.c >&5
configure:4016: $? = 0
configure:4016: result: yes
configure:4016: checking for string.h
configure:4016: gcc -c -g -O2  conftest.c >&5
configure:4016: $? = 0
configure:4016: result: yes
configure:4016: checking for memory.h
configure:4016: gcc -c -g -O2  conftest.c >&5
configure:4016: $? = 0
configure:4016: result: yes
configure:4016: checking for strings.h
configure:4016: gcc -c -g -O2  conftest.c >&5
configure:4016: $? = 0
configure:4016: result: yes
configure:4016: checking for inttypes.h
configure:4016: gcc -c -g -O2  conftest.c >&5
configure:4016: $? = 0
configure:4016: result: yes
configure:4016: checking for stdint.h
configure:4016: gcc -c -g -O2  conftest.c >&5
configure:4016: $? = 0
configure:4016: result: yes
configure:4016: checking for unistd.h
configure:4016: gcc -c -g -O2  conftest.c >&5
configure:4016: $? = 0
configure:4016: result: yes
configure:4032: checking limits.h usability
configure:4032: gcc -c -g -O2  conftest.c >&5
configure:4032: $? = 0
configure:4032: result: yes
configure:4032: checking limits.h presence
configure:4032: gcc -E  conftest.c
configure:4032: $? = 0
configure:4032: result: yes
configure:4032: checking for limits.h
configure:4032: result: yes
configure:4032: checking for stdlib.h
configure:4032: result: yes
configure:4032: checking for string.h
configure:4032: result: yes
configure:4032: checking for unistd.h
configure:4032: result: yes
configure:4043: checking for size_t
configure:4043: gcc -c -g -O2  conftest.c >&5
configure:4043: $? = 0
configure:4043: gcc -c -g -O2  conftest.c >&5
conftest.c: In function 'main':
conftest.c:61: error: expected expression before ')' token
configure:4043: $? = 1
configure: failed program was:
| /* confdefs.h */
| #define PACKAGE_NAME ""
| #define PACKAGE_TARNAME ""
| #define PACKAGE_VERSION ""
| #define PACKAGE_STRING ""
| #define PACKAGE_BUGREPORT ""
| #define PACKAGE_URL ""
| #define PACKAGE "scbind"
| #define VERSION "1.1"
| #define STDC_HEADERS 1
| #define HAVE_SYS_TYPES_H 1
| #define HAVE_SYS_STAT_H 1
| #define HAVE_STDLIB_H 1
| #define HAVE_STRING_H 1
| #define HAVE_MEMORY_H 1
| #define HAVE_STRINGS_H 1
| #define HAVE_INTTYPES_H 1
| #define HAVE_STDINT_H 1
| #define HAVE_UNISTD_H 1
| #define HAVE_LIMITS_H 1
| #define HAVE_STDLIB_H 1
| #define HAVE_STRING_H 1
| #define HAVE_UNISTD_H 1
| /* end confdefs.h.  */
| #include <stdio.h>
| #ifdef HAVE_SYS_TYPES_H
| # include <sys/types.h>
| #endif
| #ifdef HAVE_SYS_STAT_H
| # include <sys/stat.h>
| #endif
| #ifdef STDC_HEADERS
| # include <stdlib.h>
| # include <stddef.h>
| #else
| # ifdef HAVE_STDLIB_H
| #  include <stdlib.h>
| # endif
| #endif
| #ifdef HAVE_STRING_H
| # if !defined STDC_HEADERS && defined HAVE_MEMORY_H
| #  include <memory.h>
| # endif
| # include <string.h>
| #endif
| #ifdef HAVE_STRINGS_H
| # include <strings.h>
| #endif
| #ifdef HAVE_INTTYPES_H
| # include <inttypes.h>
| #endif
| #ifdef HAVE_STDINT_H
| # include <stdint.h>
| #endif
| #ifdef HAVE_UNISTD_H
| # include <unistd.h>
| #endif
| int
| main ()
| {
| if (sizeof ((size_t)))
| 	    return 0;
|   ;
|   return 0;
| }
configure:4043: result: yes
configure:4054: checking for error_at_line
configure:4070: gcc -o conftest -g -O2   conftest.c  >&5
configure:4070: $? = 0
configure:4078: result: yes
configure:4089: checking for pid_t
configure:4089: gcc -c -g -O2  conftest.c >&5
configure:4089: $? = 0
configure:4089: gcc -c -g -O2  conftest.c >&5
conftest.c: In function 'main':
conftest.c:61: error: expected expression before ')' token
configure:4089: $? = 1
configure: failed program was:
| /* confdefs.h */
| #define PACKAGE_NAME ""
| #define PACKAGE_TARNAME ""
| #define PACKAGE_VERSION ""
| #define PACKAGE_STRING ""
| #define PACKAGE_BUGREPORT ""
| #define PACKAGE_URL ""
| #define PACKAGE "scbind"
| #define VERSION "1.1"
| #define STDC_HEADERS 1
| #define HAVE_SYS_TYPES_H 1
| #define HAVE_SYS_STAT_H 1
| #define HAVE_STDLIB_H 1
| #define HAVE_STRING_H 1
| #define HAVE_MEMORY_H 1
| #define HAVE_STRINGS_H 1
| #define HAVE_INTTYPES_H 1
| #define HAVE_STDINT_H 1
| #define HAVE_UNISTD_H 1
| #define HAVE_LIMITS_H 1
| #define HAVE_STDLIB_H 1
| #define HAVE_STRING_H 1
| #define HAVE_UNISTD_H 1
| /* end confdefs.h.  */
| #include <stdio.h>
| #ifdef HAVE_SYS_TYPES_H
| # include <sys/types.h>
| #endif
| #ifdef HAVE_SYS_STAT_H
| # include <sys/stat.h>
| #endif
| #ifdef STDC_HEADERS
| # include <stdlib.h>
| # include <stddef.h>
| #else
| # ifdef HAVE_STDLIB_H
| #  include <stdlib.h>
| # endif
| #endif
| #ifdef HAVE_STRING_H
| # if !defined STDC_HEADERS && defined HAVE_MEMORY_H
| #  include <memory.h>
| # endif
| # include <string.h>
| #endif
| #ifdef HAVE_STRINGS_H
| # include <strings.h>
| #endif
| #ifdef HAVE_INTTYPES_H
| # include <inttypes.h>
| #endif
| #ifdef HAVE_STDINT_H
| # include <stdint.h>
| #endif
| #ifdef HAVE_UNISTD_H
| # include <unistd.h>
| #endif
| int
| main ()
| {
| if (sizeof ((pid_t)))
| 	    return 0;
|   ;
|   return 0;
| }
configure:4089: result: yes
configure:4102: checking vfork.h usability
configure:4102: gcc -c -g -O2  conftest.c >&5
conftest.c:58:19: error: vfork.h: No such file or directory
configure:4102: $? = 1
configure: failed program was:
| /* confdefs.h */
| #define PACKAGE_NAME ""
| #define PACKAGE_TARNAME ""
| #define PACKAGE_VERSION ""
| #define PACKAGE_STRING ""
| #define PACKAGE_BUGREPORT ""
| #define PACKAGE_URL ""
| #define PACKAGE "scbind"
| #define VERSION "1.1"
| #define STDC_HEADERS 1
| #define HAVE_SYS_TYPES_H 1
| #define HAVE_SYS_STAT_H 1
| #define HAVE_STDLIB_H 1
| #define HAVE_STRING_H 1
| #define HAVE_MEMORY_H 1
| #define HAVE_STRINGS_H 1
| #define HAVE_INTTYPES_H 1
| #define HAVE_STDINT_H 1
| #define HAVE_UNISTD_H 1
| #define HAVE_LIMITS_H 1
| #define HAVE_STDLIB_H 1
| #define HAVE_STRING_H 1
| #define HAVE_UNISTD_H 1
| /* end confdefs.h.  */
| #include <stdio.h>
| #ifdef HAVE_SYS_TYPES_H
| # include <sys/types.h>
| #endif
| #ifdef HAVE_SYS_STAT_H
| # include <sys/stat.h>
| #endif
| #ifdef STDC_HEADERS
| # include <stdlib.h>
| # include <stddef.h>
| #else
| # ifdef HAVE_STDLIB_H
| #  include <stdlib.h>
| # endif
| #endif
| #ifdef HAVE_STRING_H
| # if !defined STDC_HEADERS && defined HAVE_MEMORY_H
| #  include <memory.h>
| # endif
| # include <string.h>
| #endif
| #ifdef HAVE_STRINGS_H
| # include <strings.h>
| #endif
| #ifdef HAVE_INTTYPES_H
| # include <inttypes.h>
| #endif
| #ifdef HAVE_STDINT_H
| # include <stdint.h>
| #endif
| #ifdef HAVE_UNISTD_H
| # include <unistd.h>
| #endif
| #include <vfork.h>
configure:4102: result: no
configure:4102: checking vfork.h presence
configure:4102: gcc -E  conftest.c
conftest.c:25:19: error: vfork.h: No such file or directory
configure:4102: $? = 1
configure: failed program was:
| /* confdefs.h */
| #define PACKAGE_NAME ""
| #define PACKAGE_TARNAME ""
| #define PACKAGE_VERSION ""
| #define PACKAGE_STRING ""
| #define PACKAGE_BUGREPORT ""
| #define PACKAGE_URL ""
| #define PACKAGE "scbind"
| #define VERSION "1.1"
| #define STDC_HEADERS 1
| #define HAVE_SYS_TYPES_H 1
| #define HAVE_SYS_STAT_H 1
| #define HAVE_STDLIB_H 1
| #define HAVE_STRING_H 1
| #define HAVE_MEMORY_H 1
| #define HAVE_STRINGS_H 1
| #define HAVE_INTTYPES_H 1
| #define HAVE_STDINT_H 1
| #define HAVE_UNISTD_H 1
| #define HAVE_LIMITS_H 1
| #define HAVE_STDLIB_H 1
| #define HAVE_STRING_H 1
| #define HAVE_UNISTD_H 1
| /* end confdefs.h.  */
| #include <vfork.h>
configure:4102: result: no
configure:4102: checking for vfork.h
configure:4102: result: no
configure:4115: checking for fork
configure:4115: gcc -o conftest -g -O2   conftest.c  >&5
conftest.c:48: warning: conflicting types for built-in function 'fork'
configure:4115: $? = 0
configure:4115: result: yes
configure:4115: checking for vfork
configure:4115: gcc -o conftest -g -O2   conftest.c  >&5
configure:4115: $? = 0
configure:4115: result: yes
configure:4126: checking for working fork
configure:4148: gcc -o conftest -g -O2   conftest.c  >&5
configure:4148: $? = 0
configure:4148: ./conftest
configure:4148: $? = 0
configure:4158: result: yes
configure:4179: checking for working vfork
configure:4289: result: yes
configure:4316: checking for stdlib.h
configure:4316: result: yes
configure:4326: checking for GNU libc compatible malloc
configure:4350: gcc -o conftest -g -O2   conftest.c  >&5
configure:4350: $? = 0
configure:4350: ./conftest
configure:4350: $? = 0
configure:4360: result: yes
configure:4384: checking for getcwd
configure:4384: gcc -o conftest -g -O2   conftest.c  >&5
configure:4384: $? = 0
configure:4384: result: yes
configure:4384: checking for strchr
configure:4384: gcc -o conftest -g -O2   conftest.c  >&5
conftest.c:55: warning: conflicting types for built-in function 'strchr'
configure:4384: $? = 0
configure:4384: result: yes
configure:4384: checking for memfrob
configure:4384: gcc -o conftest -g -O2   conftest.c  >&5
configure:4384: $? = 0
configure:4384: result: yes

## ---------------- ##
## Cache variables. ##
## ---------------- ##

ac_cv_c_compiler_gnu=yes
ac_cv_env_CC_set=
ac_cv_env_CC_value=
ac_cv_env_CFLAGS_set=
ac_cv_env_CFLAGS_value=
ac_cv_env_CPPFLAGS_set=
ac_cv_env_CPPFLAGS_value=
ac_cv_env_CPP_set=
ac_cv_env_CPP_value=
ac_cv_env_LDFLAGS_set=
ac_cv_env_LDFLAGS_value=
ac_cv_env_LIBS_set=
ac_cv_env_LIBS_value=
ac_cv_env_build_alias_set=
ac_cv_env_build_alias_value=
ac_cv_env_host_alias_set=
ac_cv_env_host_alias_value=
ac_cv_env_target_alias_set=
ac_cv_env_target_alias_value=
ac_cv_func_fork=yes
ac_cv_func_fork_works=yes
ac_cv_func_getcwd=yes
ac_cv_func_malloc_0_nonnull=yes
ac_cv_func_memfrob=yes
ac_cv_func_strchr=yes
ac_cv_func_vfork=yes
ac_cv_func_vfork_works=yes
ac_cv_header_inttypes_h=yes
ac_cv_header_limits_h=yes
ac_cv_header_memory_h=yes
ac_cv_header_stdc=yes
ac_cv_header_stdint_h=yes
ac_cv_header_stdlib_h=yes
ac_cv_header_string_h=yes
ac_cv_header_strings_h=yes
ac_cv_header_sys_stat_h=yes
ac_cv_header_sys_types_h=yes
ac_cv_header_unistd_h=yes
ac_cv_header_vfork_h=no
ac_cv_lib_error_at_line=yes
ac_cv_objext=o
ac_cv_path_EGREP='/bin/grep -E'
ac_cv_path_GREP=/bin/grep
ac_cv_path_install='/usr/bin/install -c'
ac_cv_path_mkdir=/bin/mkdir
ac_cv_prog_AWK=gawk
ac_cv_prog_CPP='gcc -E'
ac_cv_prog_ac_ct_CC=gcc
ac_cv_prog_cc_c89=
ac_cv_prog_cc_g=yes
ac_cv_prog_make_make_set=yes
ac_cv_type_pid_t=yes
ac_cv_type_size_t=yes
am_cv_CC_dependencies_compiler_type=gcc3

## ----------------- ##
## Output variables. ##
## ----------------- ##

ACLOCAL='${SHELL} /home/alw/projects/scbind.1.1/scbind.1.1/missing --run aclocal-1.11'
AMDEPBACKSLASH='\'
AMDEP_FALSE='#'
AMDEP_TRUE=''
AMTAR='${SHELL} /home/alw/projects/scbind.1.1/scbind.1.1/missing --run tar'
AUTOCONF='${SHELL} /home/alw/projects/scbind.1.1/scbind.1.1/missing --run autoconf'
AUTOHEADER='${SHELL} /home/alw/projects/scbind.1.1/scbind.1.1/missing --run autoheader'
AUTOMAKE='${SHELL} /home/alw/projects/scbind.1.1/scbind.1.1/missing --run automake-1.11'
AWK='gawk'
CC='gcc'
CCDEPMODE='depmode=gcc3'
CFLAGS='-g -O2'
CPP='gcc -E'
CPPFLAGS=''
CYGPATH_W='echo'
DEFS=''
DEPDIR='.deps'
ECHO_C=''
ECHO_N='-n'
ECHO_T=''
EGREP='/bin/grep -E'
EXEEXT=''
GREP='/bin/grep'
INSTALL_DATA='${INSTALL} -m 644'
INSTALL_PROGRAM='${INSTALL}'
INSTALL_SCRIPT='${INSTALL}'
INSTALL_STRIP_PROGRAM='$(install_sh) -c -s'
LDFLAGS=''
LIBOBJS=''
LIBS=''
MAKEINFO='${SHELL} /home/alw/projects/scbind.1.1/scbind.1.1/missing --run makeinfo'
MKDIR_P='/bin/mkdir -p'
OBJEXT='o'
PACKAGE='scbind'
PACKAGE_BUGREPORT=''
PACKAGE_NAME=''
PACKAGE_STRING=''
PACKAGE_TARNAME=''
PACKAGE_URL=''
PACKAGE_VERSION=''
PATH_SEPARATOR=':'
SET_MAKE=''
SHELL='/bin/bash'
STRIP=''
VERSION='1.1'
ac_ct_CC='gcc'
am__fastdepCC_FALSE='#'
am__fastdepCC_TRUE=''
am__include='include'
am__isrc=''
am__leading_dot='.'
am__quote=''
am__tar='${AMTAR} chof - "$$tardir"'
am__untar='${AMTAR} xf -'
bindir='${exec_prefix}/bin'
build_alias=''
datadir='${datarootdir}'
datarootdir='${prefix}/share'
docdir='${datarootdir}/doc/${PACKAGE}'
dvidir='${docdir}'
exec_prefix='NONE'
host_alias=''
htmldir='${docdir}'
includedir='${prefix}/include'
infodir='${datarootdir}/info'
install_sh='${SHELL} /home/alw/projects/scbind.1.1/scbind.1.1/install-sh'
libdir='${exec_prefix}/lib'
libexecdir='${exec_prefix}/libexec'
localedir='${datarootdir}/locale'
localstatedir='${prefix}/var'
mandir='${datarootdir}/man'
mkdir_p='/bin/mkdir -p'
oldincludedir='/usr/include'
pdfdir='${docdir}'
prefix='NONE'
program_transform_name='s,x,x,'
psdir='${docdir}'
sbindir='${exec_prefix}/sbin'
sharedstatedir='${prefix}/com'
sysconfdir='${prefix}/etc'
target_alias=''

## ----------- ##
## confdefs.h. ##
## ----------- ##

/* confdefs.h */
#define PACKAGE_NAME ""
#define PACKAGE_TARNAME ""
#define PACKAGE_VERSION ""
#define PACKAGE_STRING ""
#define PACKAGE_BUGREPORT ""
#define PACKAGE_URL ""
#define PACKAGE "scbind"
#define VERSION "1.1"
#define STDC_HEADERS 1
#define HAVE_SYS_TYPES_H 1
#define HAVE_SYS_STAT_H 1
#define HAVE_STDLIB_H 1
#define HAVE_STRING_H 1
#define HAVE_MEMORY_H 1
#define HAVE_STRINGS_H 1
#define HAVE_INTTYPES_H 1
#define HAVE_STDINT_H 1
#define HAVE_UNISTD_H 1
#define HAVE_LIMITS_H 1
#define HAVE_STDLIB_H 1
#define HAVE_STRING_H 1
#define HAVE_UNISTD_H 1
#define HAVE_FORK 1
#define HAVE_VFORK 1
#define HAVE_WORKING_VFORK 1
#define HAVE_WORKING_FORK 1
#define HAVE_STDLIB_H 1
#define HAVE_MALLOC 1
#define HAVE_GETCWD 1
#define HAVE_STRCHR 1
#define HAVE_MEMFROB 1

configure: exit 0
